[Uと 02:46:22][Main.GetDataSet.Error]:N把计缺q String 锣传Θ Int32 ア毖CSelect a.* from Pages a inner join User_Page b ON a.IDNo=b.Page_ID and b.SessionID=@SessionID  order by Sort
[Uと 02:46:26][Main.GetDataSet.Error]:N把计缺q String 锣传Θ Int32 ア毖CSelect a.* from Pages a inner join User_Page b ON a.IDNo=b.Page_ID and b.SessionID=@SessionID  order by Sort
[Uと 02:46:28]
Declare @User_ID  int = '0'
Declare @SessionID  VarChar = 'l1h1owauf2tupvuaes2jjwup'
Declare @Page_ID  int = '1'
Declare @Sort  int = '17'
Insert into User_Page(User_ID,Page_ID,Sort,SessionID) Values(@User_ID,@Page_ID,@Sort,@SessionID)
[Uと 02:46:28][Main.GetDataSet.Error]:N把计缺q String 锣传Θ Int32 ア毖CSelect a.* from Pages a inner join User_Page b ON a.IDNo=b.Page_ID and b.SessionID=@SessionID  order by Sort
[Uと 02:49:57]
Declare @User_ID  int = '0'
Declare @SessionID  VarChar = 'l1h1owauf2tupvuaes2jjwup'
Declare @Page_ID  int = '1'
Declare @Sort  int = '1'
Insert into User_Page(User_ID,Page_ID,Sort,SessionID) Values(@User_ID,@Page_ID,@Sort,@SessionID)
[Uと 02:49:58]
Declare @User_ID  int = '0'
Declare @SessionID  VarChar = 'l1h1owauf2tupvuaes2jjwup'
Declare @Page_ID  int = '4'
Declare @Sort  int = '2'
Insert into User_Page(User_ID,Page_ID,Sort,SessionID) Values(@User_ID,@Page_ID,@Sort,@SessionID)
[Uと 02:49:59]
Declare @User_ID  int = '0'
Declare @SessionID  VarChar = 'l1h1owauf2tupvuaes2jjwup'
Declare @Page_ID  int = '2'
Declare @Sort  int = '3'
Insert into User_Page(User_ID,Page_ID,Sort,SessionID) Values(@User_ID,@Page_ID,@Sort,@SessionID)
[Uと 03:11:05]
[Uと 03:11:05]
[Uと 03:11:05]
[Uと 03:11:15]
[Uと 03:11:15]
[Uと 03:11:15]
[Uと 03:11:34]
[Uと 03:11:34]
[Uと 03:11:34]
[Uと 03:12:00]
[Uと 03:12:00]
[Uと 03:12:00]
[Uと 03:12:02]
[Uと 03:12:02]
[Uと 03:12:02]
[Uと 03:12:29]
Declare @User_ID  int = '0'
Declare @SessionID  VarChar = 'l1h1owauf2tupvuaes2jjwup'
Declare @Page_ID  int = '1'
Declare @Sort  int = '4'
Insert into User_Page(User_ID,Page_ID,Sort,SessionID) Values(@User_ID,@Page_ID,@Sort,@SessionID)
[Uと 03:31:19]
[Uと 03:32:54]
[Uと 03:41:46]
Declare @User_ID  int = '0'
Declare @SessionID  VarChar = 'l1h1owauf2tupvuaes2jjwup'
Declare @Page_ID  int = '1'
Declare @Sort  int = '5'
Insert into User_Page(User_ID,Page_ID,Sort,SessionID) Values(@User_ID,@Page_ID,@Sort,@SessionID)
