[上午 09:59:29][Main.GetDataSet.Error]:建立連接至 SQL Server 時，發生網路相關或執行個體特定的錯誤。找不到或無法存取伺服器。確認執行個名稱是否正確，以及 SQL Server 是否設定為允許遠端連線。 (provider: Named Pipes Provider, error: 40 - 無法開啟至 SQL Server 的連接)Select * from Users where Account=@Account And Password=@Pw
[上午 10:11:09]
Declare @Account  nvarchar(500) = 'admin@gmail.com'
Declare @Pw  nvarchar(500) = '1234'
Declare @User_Name  nvarchar(500) = 'admin'
Declare @User_Type  int = '1'
Insert into Users(Account,Password,User_Name,User_Type) Values (@Account,@Pw,@User_Name,@User_Type)
[上午 10:11:16][Main.GetDataSet.Error]:建立連接至 SQL Server 時，發生網路相關或執行個體特定的錯誤。找不到或無法存取伺服器。確認執行個名稱是否正確，以及 SQL Server 是否設定為允許遠端連線。 (provider: Named Pipes Provider, error: 40 - 無法開啟至 SQL Server 的連接)Select * from Users where Account=@Account And Password=@Pw
[上午 10:11:29]
Declare @User_ID  int = '1'
Declare @SessionID  VarChar = ''
Declare @Page_ID  int = '2'
Declare @Sort  int = '1'
Insert into User_Page(User_ID,Page_ID,Sort,SessionID) Values(@User_ID,@Page_ID,@Sort,@SessionID)
[上午 10:11:31]
Declare @User_ID  int = '1'
Declare @SessionID  VarChar = ''
Declare @Page_ID  int = '1'
Declare @Sort  int = '2'
Insert into User_Page(User_ID,Page_ID,Sort,SessionID) Values(@User_ID,@Page_ID,@Sort,@SessionID)
