[下午 04:39:02][Main.Scalar.Error]:接近 '=' 之處的語法不正確。select Img01 from User_Page where IDNo=
[下午 04:39:03]
Declare @User_ID  int = '0'
Declare @SessionID  VarChar = 'negkt0cq3pnr5reuqckopk2k'
Declare @Page_ID  int = '1'
Declare @Sort  int = '1'
Declare @MoreImgs  int = '0'
Insert into User_Page(User_ID,Page_ID,Sort,SessionID,MoreImgs) Values(@User_ID,@Page_ID,@Sort,@SessionID,@MoreImgs)
[下午 04:39:03]
Declare @User_ID  int = '0'
Declare @SessionID  VarChar = 'negkt0cq3pnr5reuqckopk2k'
Declare @Page_ID  int = '2'
Declare @Sort  int = '2'
Declare @MoreImgs  int = '0'
Insert into User_Page(User_ID,Page_ID,Sort,SessionID,MoreImgs) Values(@User_ID,@Page_ID,@Sort,@SessionID,@MoreImgs)
[下午 04:39:04]
Declare @User_ID  int = '0'
Declare @SessionID  VarChar = 'negkt0cq3pnr5reuqckopk2k'
Declare @Page_ID  int = '3'
Declare @Sort  int = '3'
Declare @MoreImgs  int = '0'
Insert into User_Page(User_ID,Page_ID,Sort,SessionID,MoreImgs) Values(@User_ID,@Page_ID,@Sort,@SessionID,@MoreImgs)
