[下午 02:26:29][Main.Scalar.Error]:接近 '=' 之處的語法不正確。select Img01 from User_Page where IDNo=
[下午 02:26:29]
Declare @User_ID  int = '1'
Declare @SessionID  VarChar = ''
Declare @Page_ID  int = '1'
Declare @Sort  int = '3'
Declare @MoreImgs  int = '0'
Insert into User_Page(User_ID,Page_ID,Sort,SessionID,MoreImgs) Values(@User_ID,@Page_ID,@Sort,@SessionID,@MoreImgs)
[下午 02:26:31]
Declare @User_ID  int = '1'
Declare @SessionID  VarChar = ''
Declare @Page_ID  int = '1'
Declare @Sort  int = '4'
Declare @MoreImgs  int = '0'
Insert into User_Page(User_ID,Page_ID,Sort,SessionID,MoreImgs) Values(@User_ID,@Page_ID,@Sort,@SessionID,@MoreImgs)
[下午 02:26:32]
Declare @User_ID  int = '1'
Declare @SessionID  VarChar = ''
Declare @Page_ID  int = '4'
Declare @Sort  int = '5'
Declare @MoreImgs  int = '1'
Insert into User_Page(User_ID,Page_ID,Sort,SessionID,MoreImgs) Values(@User_ID,@Page_ID,@Sort,@SessionID,@MoreImgs)
[下午 02:26:33]
Declare @User_ID  int = '1'
Declare @SessionID  VarChar = ''
Declare @Page_ID  int = '1'
Declare @Sort  int = '6'
Declare @MoreImgs  int = '0'
Insert into User_Page(User_ID,Page_ID,Sort,SessionID,MoreImgs) Values(@User_ID,@Page_ID,@Sort,@SessionID,@MoreImgs)
[下午 02:26:44][Main.Scalar.Error]:接近 '=' 之處的語法不正確。select Img01 from User_Page where IDNo=
